
['Larita']

 Respondiendo (['Larita'])
['Puro HUMO !!!']

 Respondiendo (['Puro HUMO !!!'])
['Asados']

 Respondiendo (['Asados'])
['Madera Largo']

 Respondiendo (['Madera Largo'])
['Confesionario']

 Respondiendo (['Confesionario'])
['Confesionario']

 Respondiendo (['Confesionario'])
['aaaaaaaaaaaaa']

 Respondiendo (['aaaaaaaaaaaaa'])
['chatbot']

 Respondiendo (['chatbot'])
['chatbot2']

 Respondiendo (['chatbot2'])
['El infractor...']

 Respondiendo (['El infractor...'])
['bbbbbbbbb']

 Respondiendo (['bbbbbbbbb'])
['chatbot2']

 Respondiendo (['chatbot2'])
['Mauri']

 Respondiendo (['Mauri'])
['Mauri']

 Respondiendo (['Mauri'])
['Mauri']

 Respondiendo (['Mauri'])
['aaaaaaaaaaaa']

 Respondiendo (['aaaaaaaaaaaa'])
['6']

 Respondiendo (['6'])
['6']

 Respondiendo (['6'])
['bbbbbbbbbbbbbbb']

 Respondiendo (['bbbbbbbbbbbbbbb'])
['1']

 Respondiendo (['1'])
['bbbbbbbbb']

 Respondiendo (['bbbbbbbbb'])
['6']

 Respondiendo (['6'])
['None']

 Respondiendo (['None'])
['None']

 Respondiendo (['None'])
['None']

 Respondiendo (['None'])
['bbbbbbbbbbbbbbbb']

 Respondiendo (['bbbbbbbbbbbbbbbb'])
['bbbbbbbbbbbbbbbb']

 Respondiendo (['bbbbbbbbbbbbbbbb'])
['bbbbbbbbbbbbbbbb']

 Respondiendo (['bbbbbbbbbbbbbbbb'])
['bbbbbbbb']

 Respondiendo (['bbbbbbbb'])
['eeeeeeeeeeeeeeee']

 Respondiendo (['eeeeeeeeeeeeeeee'])
['hhhhhhhhhhhhhhhh']

 Respondiendo (['hhhhhhhhhhhhhhhh'])
['bbbbbbbbbb']

 Respondiendo (['bbbbbbbbbb'])
['ooooooooooooooo']

 Respondiendo (['ooooooooooooooo'])
['el contacto escribre algo aaaaaa']

 Respondiendo (['el contacto escribre algo aaaaaa'])
['gfgfgfgfgfgfgfgfgfg']

 Respondiendo (['gfgfgfgfgfgfgfgfgfg'])
['escribo algo en el chat del bot1']

 Respondiendo (['escribo algo en el chat del bot1'])
['bbbbbbbbbbbbbb']

 Respondiendo (['bbbbbbbbbbbbbb'])