
['Larita']

 Respondiendo (['Larita'])
['Larita']

 Respondiendo (['Larita'])
['Asados']

 Respondiendo (['Asados'])
['None']

 Respondiendo (['None'])
['None']

 Respondiendo (['None'])
['None']

 Respondiendo (['None'])
['aaaaaaaaaaaaa']

 Respondiendo (['aaaaaaaaaaaaa'])
['chatbot']

 Respondiendo (['chatbot'])
['Rusia 2018']

 Respondiendo (['Rusia 2018'])
['El infractor...']

 Respondiendo (['El infractor...'])
['aaaaaaaaaaaaaaaaaa']

 Respondiendo (['aaaaaaaaaaaaaaaaaa'])
['chatbot2']

 Respondiendo (['chatbot2'])
['Mauri']

 Respondiendo (['Mauri'])
['Mauri']

 Respondiendo (['Mauri'])
['Mauri']

 Respondiendo (['Mauri'])
['qqqqqqqqqqqqqqqqqq']

 Respondiendo (['qqqqqqqqqqqqqqqqqq'])
['6']

 Respondiendo (['6'])
['6']

 Respondiendo (['6'])
['aaaaaaaaaaaaaaaaa']

 Respondiendo (['aaaaaaaaaaaaaaaaa'])
['1']

 Respondiendo (['1'])
['aaaaaaaaaaaa']

 Respondiendo (['aaaaaaaaaaaa'])
['6']

 Respondiendo (['6'])
['None']

 Respondiendo (['None'])
['None']

 Respondiendo (['None'])
['None']

 Respondiendo (['None'])
['None']

 Respondiendo (['None'])
['aaaaaaaaaaaaaaa']

 Respondiendo (['aaaaaaaaaaaaaaa'])
['aaaaaaaaaaaaaaa']

 Respondiendo (['aaaaaaaaaaaaaaa'])
['aaaaaaaaa']

 Respondiendo (['aaaaaaaaa'])
['yyyyyyyyyyyyyyy']

 Respondiendo (['yyyyyyyyyyyyyyy'])
['ttttttttttttt']

 Respondiendo (['ttttttttttttt'])
['aaaaaaaaaaaaaaaa']

 Respondiendo (['aaaaaaaaaaaaaaaa'])
['None']

 Respondiendo (['None'])
['el contacto escribre algo aaaaaa']

 Respondiendo (['el contacto escribre algo aaaaaa'])
['None']

 Respondiendo (['None'])
['None']

 Respondiendo (['None'])
['None']

 Respondiendo (['None'])