
[]

 Respondiendo ([])
[]

 Respondiendo ([])
[]

 Respondiendo ([])
[]

 Respondiendo ([])
[]

 Respondiendo ([])
[]

 Respondiendo ([])
[]

 Respondiendo ([])
[]

 Respondiendo ([])
[]

 Respondiendo ([])
[]

 Respondiendo ([])
[]

 Respondiendo ([])
['None']

 Respondiendo (['None'])
['None']

 Respondiendo (['None'])
['None']

 Respondiendo (['None'])
['None']

 Respondiendo (['None'])
['*inicio chatbot', '*inicio chatbot', 'PROYECTOS SART', 'Ale , Andres, Tú', 'Los mensajes enviados a este grupo están seguros con cifrado de extremo a extremo. Haz clic para ver más información.', '*inicio chatbot']

 Respondiendo (['*inicio chatbot', '*inicio chatbot', 'PROYECTOS SART', 'Ale , Andres, Tú', 'Los mensajes enviados a este grupo están seguros con cifrado de extremo a extremo. Haz clic para ver más información.', '*inicio chatbot'])
['*inicio chatbot', '*', "Respondiendo (['*inicio chatbot', '*inicio chatbot', 'PROYECTOS SART', 'Ale , Andres, Tú', 'Los mensajes enviados a este grupo están seguros con cifrado de extremo a extremo. Haz clic para ver más información.', '*inicio chatbot'])*20180615155"]

 Respondiendo (['*inicio chatbot', '*', "Respondiendo (['*inicio chatbot', '*inicio chatbot', 'PROYECTOS SART', 'Ale , Andres, Tú', 'Los mensajes enviados a este grupo están seguros con cifrado de extremo a extremo. Haz clic para ver más información.', '*inicio chatbot'])*20180615155"])
['*inicio chatbot', '*', "Respondiendo (['*inicio chatbot', '*inicio chatbot', 'PROYECTOS SART', 'Ale , Andres, Tú', 'Los mensajes enviados a este grupo están seguros con cifrado de extremo a extremo. Haz clic para ver más información.', '*inicio chatbot'])*20180615155", '*', 'Respondiendo ([\'inicio chatbot\', \'\', "Respondiendo ([\'*inicio chatbot\', \'*inicio chatbot\', \'PROYECTOS SART\', \'Ale , Andres, Tú\', \'Los mensajes enviados a este grupo están seguros con cifrado de extremo a extremo. Haz clic para ver más información.\', \'*inicio chatbot\'])*20180615155"])*20180615155']

 Respondiendo (['*inicio chatbot', '*', "Respondiendo (['*inicio chatbot', '*inicio chatbot', 'PROYECTOS SART', 'Ale , Andres, Tú', 'Los mensajes enviados a este grupo están seguros con cifrado de extremo a extremo. Haz clic para ver más información.', '*inicio chatbot'])*20180615155", '*', 'Respondiendo ([\'inicio chatbot\', \'\', "Respondiendo ([\'*inicio chatbot\', \'*inicio chatbot\', \'PROYECTOS SART\', \'Ale , Andres, Tú\', \'Los mensajes enviados a este grupo están seguros con cifrado de extremo a extremo. Haz clic para ver más información.\', \'*inicio chatbot\'])*20180615155"])*20180615155'])
['*inicio chatbot', '*', "Respondiendo (['*inicio chatbot', '*inicio chatbot', 'PROYECTOS SART', 'Ale , Andres, Tú', 'Los mensajes enviados a este grupo están seguros con cifrado de extremo a extremo. Haz clic para ver más información.', '*inicio chatbot'])*20180615155", '*', 'Respondiendo ([\'inicio chatbot\', \'\', "Respondiendo ([\'*inicio chatbot\', \'*inicio chatbot\', \'PROYECTOS SART\', \'Ale , Andres, Tú\', \'Los mensajes enviados a este grupo están seguros con cifrado de extremo a extremo. Haz clic para ver más información.\', \'*inicio chatbot\'])*20180615155"])*20180615155', '*', 'Respondiendo ([\'inicio chatbot\', \'\', "Respondiendo ([\'inicio chatbot\', \'*inicio chatbot\', \'PROYECTOS SART\', \'Ale , Andres, Tú\', \'Los mensajes enviados a este grupo están seguros con cifrado de extremo a extremo. Haz clic para ver más información.\', \'*inicio chatbot\'])*20180615155", \'\', \'Respondiendo ([\\\'inicio chatbot\\\', \\\'\\\', "Respondiendo ([\\\'*inicio chatbot\\\', \\\'*inicio chatbot\\\', \\\'PROYECTOS SART\\\', \\\'Ale , Andres, Tú\\\', \\\'Los mensajes enviados a este grupo están seguros con cifrado de extremo a extremo. Haz clic para ver más información.\\\', \\\'*inicio chatbot\\\'])*20180615155"])*20180615155\'])*20180615155', 'Aaaaaaaaaaaaaaa']

 Respondiendo (['*inicio chatbot', '*', "Respondiendo (['*inicio chatbot', '*inicio chatbot', 'PROYECTOS SART', 'Ale , Andres, Tú', 'Los mensajes enviados a este grupo están seguros con cifrado de extremo a extremo. Haz clic para ver más información.', '*inicio chatbot'])*20180615155", '*', 'Respondiendo ([\'inicio chatbot\', \'\', "Respondiendo ([\'*inicio chatbot\', \'*inicio chatbot\', \'PROYECTOS SART\', \'Ale , Andres, Tú\', \'Los mensajes enviados a este grupo están seguros con cifrado de extremo a extremo. Haz clic para ver más información.\', \'*inicio chatbot\'])*20180615155"])*20180615155', '*', 'Respondiendo ([\'inicio chatbot\', \'\', "Respondiendo ([\'inicio chatbot\', \'*inicio chatbot\', \'PROYECTOS SART\', \'Ale , Andres, Tú\', \'Los mensajes enviados a este grupo están seguros con cifrado de extremo a extremo. Haz clic para ver más información.\', \'*inicio chatbot\'])*20180615155", \'\', \'Respondiendo ([\\\'inicio chatbot\\\', \\\'\\\', "Respondiendo ([\\\'*inicio chatbot\\\', \\\'*inicio chatbot\\\', \\\'PROYECTOS SART\\\', \\\'Ale , Andres, Tú\\\', \\\'Los mensajes enviados a este grupo están seguros con cifrado de extremo a extremo. Haz clic para ver más información.\\\', \\\'*inicio chatbot\\\'])*20180615155"])*20180615155\'])*20180615155', 'Aaaaaaaaaaaaaaa'])
['*inicio chatbot', '*', "Respondiendo (['*inicio chatbot', '*inicio chatbot', 'PROYECTOS SART', 'Ale , Andres, Tú', 'Los mensajes enviados a este grupo están seguros con cifrado de extremo a extremo. Haz clic para ver más información.', '*inicio chatbot'])*20180615155", '*', 'Respondiendo ([\'inicio chatbot\', \'\', "Respondiendo ([\'*inicio chatbot\', \'*inicio chatbot\', \'PROYECTOS SART\', \'Ale , Andres, Tú\', \'Los mensajes enviados a este grupo están seguros con cifrado de extremo a extremo. Haz clic para ver más información.\', \'*inicio chatbot\'])*20180615155"])*20180615155', '*', 'Respondiendo ([\'inicio chatbot\', \'\', "Respondiendo ([\'inicio chatbot\', \'*inicio chatbot\', \'PROYECTOS SART\', \'Ale , Andres, Tú\', \'Los mensajes enviados a este grupo están seguros con cifrado de extremo a extremo. Haz clic para ver más información.\', \'*inicio chatbot\'])*20180615155", \'\', \'Respondiendo ([\\\'inicio chatbot\\\', \\\'\\\', "Respondiendo ([\\\'*inicio chatbot\\\', \\\'*inicio chatbot\\\', \\\'PROYECTOS SART\\\', \\\'Ale , Andres, Tú\\\', \\\'Los mensajes enviados a este grupo están seguros con cifrado de extremo a extremo. Haz clic para ver más información.\\\', \\\'*inicio chatbot\\\'])*20180615155"])*20180615155\'])*20180615155', 'Aaaaaaaaaaaaaaa', '*', 'Respondiendo ([\'inicio chatbot\', \'\', "Respondiendo ([\'inicio chatbot\', \'*inicio chatbot\', \'PROYECTOS SART\', \'Ale , Andres, Tú\', \'Los mensajes enviados a este grupo están seguros con cifrado de extremo a extremo. Haz clic para ver más información.\', \'*inicio chatbot\'])*20180615155", \'\', \'Respondiendo ([\\\'inicio chatbot\\\', \\\'\\\', "Respondiendo ([\\\'inicio chatbot\\\', \\\'*inicio chatbot\\\', \\\'PROYECTOS SART\\\', \\\'Ale , Andres, Tú\\\', \\\'Los mensajes enviados a este grupo están seguros con cifrado de extremo a extremo. Haz clic para ver más información.\\\', \\\'*inicio chatbot\\\'])*20180615155"])*20180615155\', \'\', \'Respondiendo ([\\\'inicio chatbot\\\', \\\'\\\', "Respondiendo ([\\\'inicio chatbot\\\', \\\'*inicio chatbot\\\', \\\'PROYECTOS SART\\\', \\\'Ale , Andres, Tú\\\', \\\'Los mensajes enviados a este grupo están seguros con cifrado de extremo a extremo. Haz clic para ver más información.\\\', \\\'*inicio chatbot\\\'])*20180615155", \\\'\\\', \\\'Respondiendo ([\\\\\\\'inicio chatbot\\\\\\\', \\\\\\\'\\\\\\\', "Respondiendo ([\\\\\\\'*inicio chatbot\\\\\\\', \\\\\\\'*inicio chatbot\\\\\\\', \\\\\\\'PROYECTOS SART\\\\\\\', \\\\\\\'Ale , Andres, Tú\\\\\\\', \\\\\\\'Los mensajes enviados a este grupo están seguros con cifrado de extremo a extremo. Haz clic para ver más información.\\\\\\\', \\\\\\\'*inicio chatbot\\\\\\\'])*20180615155"])*20180615155\\\'])*20180615155\', \'Aaaaaaaaaaaaaaa\'])*20180615155', 'Bbbbbbbbbbbbbb']

 Respondiendo (['*inicio chatbot', '*', "Respondiendo (['*inicio chatbot', '*inicio chatbot', 'PROYECTOS SART', 'Ale , Andres, Tú', 'Los mensajes enviados a este grupo están seguros con cifrado de extremo a extremo. Haz clic para ver más información.', '*inicio chatbot'])*20180615155", '*', 'Respondiendo ([\'inicio chatbot\', \'\', "Respondiendo ([\'*inicio chatbot\', \'*inicio chatbot\', \'PROYECTOS SART\', \'Ale , Andres, Tú\', \'Los mensajes enviados a este grupo están seguros con cifrado de extremo a extremo. Haz clic para ver más información.\', \'*inicio chatbot\'])*20180615155"])*20180615155', '*', 'Respondiendo ([\'inicio chatbot\', \'\', "Respondiendo ([\'inicio chatbot\', \'*inicio chatbot\', \'PROYECTOS SART\', \'Ale , Andres, Tú\', \'Los mensajes enviados a este grupo están seguros con cifrado de extremo a extremo. Haz clic para ver más información.\', \'*inicio chatbot\'])*20180615155", \'\', \'Respondiendo ([\\\'inicio chatbot\\\', \\\'\\\', "Respondiendo ([\\\'*inicio chatbot\\\', \\\'*inicio chatbot\\\', \\\'PROYECTOS SART\\\', \\\'Ale , Andres, Tú\\\', \\\'Los mensajes enviados a este grupo están seguros con cifrado de extremo a extremo. Haz clic para ver más información.\\\', \\\'*inicio chatbot\\\'])*20180615155"])*20180615155\'])*20180615155', 'Aaaaaaaaaaaaaaa', '*', 'Respondiendo ([\'inicio chatbot\', \'\', "Respondiendo ([\'inicio chatbot\', \'*inicio chatbot\', \'PROYECTOS SART\', \'Ale , Andres, Tú\', \'Los mensajes enviados a este grupo están seguros con cifrado de extremo a extremo. Haz clic para ver más información.\', \'*inicio chatbot\'])*20180615155", \'\', \'Respondiendo ([\\\'inicio chatbot\\\', \\\'\\\', "Respondiendo ([\\\'inicio chatbot\\\', \\\'*inicio chatbot\\\', \\\'PROYECTOS SART\\\', \\\'Ale , Andres, Tú\\\', \\\'Los mensajes enviados a este grupo están seguros con cifrado de extremo a extremo. Haz clic para ver más información.\\\', \\\'*inicio chatbot\\\'])*20180615155"])*20180615155\', \'\', \'Respondiendo ([\\\'inicio chatbot\\\', \\\'\\\', "Respondiendo ([\\\'inicio chatbot\\\', \\\'*inicio chatbot\\\', \\\'PROYECTOS SART\\\', \\\'Ale , Andres, Tú\\\', \\\'Los mensajes enviados a este grupo están seguros con cifrado de extremo a extremo. Haz clic para ver más información.\\\', \\\'*inicio chatbot\\\'])*20180615155", \\\'\\\', \\\'Respondiendo ([\\\\\\\'inicio chatbot\\\\\\\', \\\\\\\'\\\\\\\', "Respondiendo ([\\\\\\\'*inicio chatbot\\\\\\\', \\\\\\\'*inicio chatbot\\\\\\\', \\\\\\\'PROYECTOS SART\\\\\\\', \\\\\\\'Ale , Andres, Tú\\\\\\\', \\\\\\\'Los mensajes enviados a este grupo están seguros con cifrado de extremo a extremo. Haz clic para ver más información.\\\\\\\', \\\\\\\'*inicio chatbot\\\\\\\'])*20180615155"])*20180615155\\\'])*20180615155\', \'Aaaaaaaaaaaaaaa\'])*20180615155', 'Bbbbbbbbbbbbbb'])
['None']

 Respondiendo (['None'])
['None']

 Respondiendo (['None'])
['*inicio chatbot', 'Bbbb']

 Respondiendo (['*inicio chatbot', 'Bbbb'])
['*inicio chatbot', 'Bbbb', '*', "Respondiendo (['*inicio chatbot', 'Bbbb'])*20180615183", 'Ccccccccc']

 Respondiendo (['*inicio chatbot', 'Bbbb', '*', "Respondiendo (['*inicio chatbot', 'Bbbb'])*20180615183", 'Ccccccccc'])
['*inicio chatbot', 'Bbbb', '*', "Respondiendo (['*inicio chatbot', 'Bbbb'])*20180615183", 'Ccccccccc', '*', 'Respondiendo ([\'inicio chatbot\', \'Bbbb\', \'\', "Respondiendo ([\'*inicio chatbot\', \'Bbbb\'])*20180615183", \'Ccccccccc\'])*20180615183', 'Dddddddddddddddd']

 Respondiendo (['*inicio chatbot', 'Bbbb', '*', "Respondiendo (['*inicio chatbot', 'Bbbb'])*20180615183", 'Ccccccccc', '*', 'Respondiendo ([\'inicio chatbot\', \'Bbbb\', \'\', "Respondiendo ([\'*inicio chatbot\', \'Bbbb\'])*20180615183", \'Ccccccccc\'])*20180615183', 'Dddddddddddddddd'])
['None']

 Respondiendo (['None'])
['None']

 Respondiendo (['None'])
['*inicio chatbot', '*inicio chatbot', 'Puro HUMO !!!', 'Ayer', 'Gabilan:\nFoto', 'Gabilan:', 'Gabilan', 'Foto', 'Analia Juncal', 'Analia Juncal', 'Ayer', 'Pásalo lindo!! Disfruta de esos lugares tan bellos...', 'Pásalo lindo!! Disfruta de esos lugares tan bellos...', 'las 4 d', 'Ayer', '+54 9 247 759-3387:\nPor dioss !!!…', '+54 9 247 759-3387:', '+54 9 247 759-3387', 'Por dioss !!!…', 'RSC', 'Ayer', '+54 9 341 661-4896:', '+54 9 341 661-4896:', '+54 9 341 661-4896', 'Rusia 2018', 'Ok', 'Ok', 'Ezequiel Contador', 'Ezequiel Contador', '0:28', '0:28', 'Romina Proveedora', 'Romina Proveedora', 'AVISO: LG K4 Y MOTO G5 PLUS, NO HAY MÁS', 'AVISO: LG K4 Y MOTO G5 PLUS, NO HAY MÁS', 'Ale Decastro', 'Ale Decastro', 'Madera Largo', 'Madera Largo', 'Larita', 'Larita', 'dale', 'dale', 'Confesionario', '+54 9 247 341-8209:', '+54 9 247 341-8209:', '+54 9 247 341-8209', 'La banda de CUCHI !!!', 'Meli:', 'Meli:', 'Meli', 'Asados', 'Faustino:\nQue loco lindo', 'Faustino:', 'Faustino', 'Que loco lindo', 'Rocio Tesio', 'Rocio Tesio', 'Ok', 'Ok', 'El infractor...', 'Machete:\nEspera que no ha terminado', 'Machete:', 'Machete', 'Espera que no ha terminado', 'Fabiana Comuna', 'Fabiana Comuna', 'PROYECTOS SART', 'Ale , Andres, Tú', 'Los mensajes enviados a este grupo están seguros con cifrado de extremo a extremo. Haz clic para ver más información.', '*inicio chatbot']

 Respondiendo (['*inicio chatbot', '*inicio chatbot', 'Puro HUMO !!!', 'Ayer', 'Gabilan:\nFoto', 'Gabilan:', 'Gabilan', 'Foto', 'Analia Juncal', 'Analia Juncal', 'Ayer', 'Pásalo lindo!! Disfruta de esos lugares tan bellos...', 'Pásalo lindo!! Disfruta de esos lugares tan bellos...', 'las 4 d', 'Ayer', '+54 9 247 759-3387:\nPor dioss !!!…', '+54 9 247 759-3387:', '+54 9 247 759-3387', 'Por dioss !!!…', 'RSC', 'Ayer', '+54 9 341 661-4896:', '+54 9 341 661-4896:', '+54 9 341 661-4896', 'Rusia 2018', 'Ok', 'Ok', 'Ezequiel Contador', 'Ezequiel Contador', '0:28', '0:28', 'Romina Proveedora', 'Romina Proveedora', 'AVISO: LG K4 Y MOTO G5 PLUS, NO HAY MÁS', 'AVISO: LG K4 Y MOTO G5 PLUS, NO HAY MÁS', 'Ale Decastro', 'Ale Decastro', 'Madera Largo', 'Madera Largo', 'Larita', 'Larita', 'dale', 'dale', 'Confesionario', '+54 9 247 341-8209:', '+54 9 247 341-8209:', '+54 9 247 341-8209', 'La banda de CUCHI !!!', 'Meli:', 'Meli:', 'Meli', 'Asados', 'Faustino:\nQue loco lindo', 'Faustino:', 'Faustino', 'Que loco lindo', 'Rocio Tesio', 'Rocio Tesio', 'Ok', 'Ok', 'El infractor...', 'Machete:\nEspera que no ha terminado', 'Machete:', 'Machete', 'Espera que no ha terminado', 'Fabiana Comuna', 'Fabiana Comuna', 'PROYECTOS SART', 'Ale , Andres, Tú', 'Los mensajes enviados a este grupo están seguros con cifrado de extremo a extremo. Haz clic para ver más información.', '*inicio chatbot'])
['*inicio chatbot', 'Qqqqqqqqqqqqqqqqq']

 Respondiendo (['*inicio chatbot', 'Qqqqqqqqqqqqqqqqq'])
['*inicio chatbot', 'Qqqqqqqqqqqqqqqqq', '*', "Respondiendo (['*inicio chatbot', 'Qqqqqqqqqqqqqqqqq'])*20180615193", 'Wwwwwwwwwwwwwwwwww']

 Respondiendo (['*inicio chatbot', 'Qqqqqqqqqqqqqqqqq', '*', "Respondiendo (['*inicio chatbot', 'Qqqqqqqqqqqqqqqqq'])*20180615193", 'Wwwwwwwwwwwwwwwwww'])
['*inicio chatbot', 'Mmmmmmmmm']

 Respondiendo (['*inicio chatbot', 'Mmmmmmmmm'])
['Activar notificaciones de escritorio', 'PROYECTOS SART', 'Qqqqqqqqqqqqqqq', 'Qqqqqqqqqqqqqqq', 'Puro HUMO !!!', 'Ayer', 'Gabilan:\nFoto', 'Gabilan:', 'Gabilan', 'Foto', 'Analia Juncal', 'Analia Juncal', 'Ayer', 'Pásalo lindo!! Disfruta de esos lugares tan bellos...', 'Pásalo lindo!! Disfruta de esos lugares tan bellos...', 'las 4 d', 'Ayer', '+54 9 247 759-3387:\nPor dioss !!!…', '+54 9 247 759-3387:', '+54 9 247 759-3387', 'Por dioss !!!…', 'RSC', 'Ayer', '+54 9 341 661-4896:', '+54 9 341 661-4896:', '+54 9 341 661-4896', 'Rusia 2018', 'Ok', 'Ok', 'Ezequiel Contador', 'Ezequiel Contador', '0:28', '0:28', 'Romina Proveedora', 'Romina Proveedora', 'AVISO: LG K4 Y MOTO G5 PLUS, NO HAY MÁS', 'AVISO: LG K4 Y MOTO G5 PLUS, NO HAY MÁS', 'Ale Decastro', 'Ale Decastro', 'Madera Largo', 'Madera Largo', 'Larita', 'Larita', 'dale', 'dale', 'Confesionario', '+54 9 247 341-8209:', '+54 9 247 341-8209:', '+54 9 247 341-8209', 'La banda de CUCHI !!!', 'Meli:\nquien viene esta noche, numerensé', 'Meli:', 'Meli', 'quien viene esta noche, numerensé', '1', 'Asados', 'Faustino:\nQue loco lindo', 'Faustino:', 'Faustino', 'Que loco lindo', 'Rocio Tesio', 'Rocio Tesio', 'Ok', 'Ok', 'El infractor...', 'Machete:\nEspera que no ha terminado', 'Machete:', 'Machete', 'Espera que no ha terminado', 'Fabiana Comuna', 'Fabiana Comuna', 'PROYECTOS SART', 'Ale , Andres, Tú', 'Los mensajes enviados a este grupo están seguros con cifrado de extremo a extremo. Haz clic para ver más información.', '*inicio chatbot', 'Mmmmmmmmm', '*', "Respondiendo (['*inicio chatbot', 'Mmmmmmmmm'])*20180615193", 'Qqqqqqqqqqqqqqq']

 Respondiendo (['Activar notificaciones de escritorio', 'PROYECTOS SART', 'Qqqqqqqqqqqqqqq', 'Qqqqqqqqqqqqqqq', 'Puro HUMO !!!', 'Ayer', 'Gabilan:\nFoto', 'Gabilan:', 'Gabilan', 'Foto', 'Analia Juncal', 'Analia Juncal', 'Ayer', 'Pásalo lindo!! Disfruta de esos lugares tan bellos...', 'Pásalo lindo!! Disfruta de esos lugares tan bellos...', 'las 4 d', 'Ayer', '+54 9 247 759-3387:\nPor dioss !!!…', '+54 9 247 759-3387:', '+54 9 247 759-3387', 'Por dioss !!!…', 'RSC', 'Ayer', '+54 9 341 661-4896:', '+54 9 341 661-4896:', '+54 9 341 661-4896', 'Rusia 2018', 'Ok', 'Ok', 'Ezequiel Contador', 'Ezequiel Contador', '0:28', '0:28', 'Romina Proveedora', 'Romina Proveedora', 'AVISO: LG K4 Y MOTO G5 PLUS, NO HAY MÁS', 'AVISO: LG K4 Y MOTO G5 PLUS, NO HAY MÁS', 'Ale Decastro', 'Ale Decastro', 'Madera Largo', 'Madera Largo', 'Larita', 'Larita', 'dale', 'dale', 'Confesionario', '+54 9 247 341-8209:', '+54 9 247 341-8209:', '+54 9 247 341-8209', 'La banda de CUCHI !!!', 'Meli:\nquien viene esta noche, numerensé', 'Meli:', 'Meli', 'quien viene esta noche, numerensé', '1', 'Asados', 'Faustino:\nQue loco lindo', 'Faustino:', 'Faustino', 'Que loco lindo', 'Rocio Tesio', 'Rocio Tesio', 'Ok', 'Ok', 'El infractor...', 'Machete:\nEspera que no ha terminado', 'Machete:', 'Machete', 'Espera que no ha terminado', 'Fabiana Comuna', 'Fabiana Comuna', 'PROYECTOS SART', 'Ale , Andres, Tú', 'Los mensajes enviados a este grupo están seguros con cifrado de extremo a extremo. Haz clic para ver más información.', '*inicio chatbot', 'Mmmmmmmmm', '*', "Respondiendo (['*inicio chatbot', 'Mmmmmmmmm'])*20180615193", 'Qqqqqqqqqqqqqqq'])
['*inicio chatbot', 'Mmmmmm']

 Respondiendo (['*inicio chatbot', 'Mmmmmm'])
['Activar notificaciones de escritorio', 'PROYECTOS SART', 'Qqqqqqqqqqqqqqq', 'Qqqqqqqqqqqqqqq', 'Puro HUMO !!!', 'Ayer', 'Gabilan:\nFoto', 'Gabilan:', 'Gabilan', 'Foto', 'Analia Juncal', 'Analia Juncal', 'Ayer', 'Pásalo lindo!! Disfruta de esos lugares tan bellos...', 'Pásalo lindo!! Disfruta de esos lugares tan bellos...', 'las 4 d', 'Ayer', '+54 9 247 759-3387:\nPor dioss !!!…', '+54 9 247 759-3387:', '+54 9 247 759-3387', 'Por dioss !!!…', 'RSC', 'Ayer', '+54 9 341 661-4896:', '+54 9 341 661-4896:', '+54 9 341 661-4896', 'Rusia 2018', 'Ok', 'Ok', 'Ezequiel Contador', 'Ezequiel Contador', '0:28', '0:28', 'Romina Proveedora', 'Romina Proveedora', 'AVISO: LG K4 Y MOTO G5 PLUS, NO HAY MÁS', 'AVISO: LG K4 Y MOTO G5 PLUS, NO HAY MÁS', 'Ale Decastro', 'Ale Decastro', 'Madera Largo', 'Madera Largo', 'Larita', 'Larita', 'dale', 'dale', 'Confesionario', '+54 9 247 341-8209:', '+54 9 247 341-8209:', '+54 9 247 341-8209', 'Asados', 'Faustino:\nQue loco lindo', 'Faustino:', 'Faustino', 'Que loco lindo', 'Rocio Tesio', 'Rocio Tesio', 'Ok', 'Ok', 'El infractor...', 'Machete:\nEspera que no ha terminado', 'Machete:', 'Machete', 'Espera que no ha terminado', 'Fabiana Comuna', 'Fabiana Comuna', 'La banda de CUCHI !!!', 'Meli:\nquien viene esta noche, numerensé', 'Meli:', 'Meli', 'quien viene esta noche, numerensé', '1', 'PROYECTOS SART', 'Ale , Andres, Tú', 'Los mensajes enviados a este grupo están seguros con cifrado de extremo a extremo. Haz clic para ver más información.', '*inicio chatbot', 'Mmmmmm', '*', "Respondiendo (['*inicio chatbot', 'Mmmmmm'])*20180615193", 'Qqqqqqqqqqqqqqq']

 Respondiendo (['Activar notificaciones de escritorio', 'PROYECTOS SART', 'Qqqqqqqqqqqqqqq', 'Qqqqqqqqqqqqqqq', 'Puro HUMO !!!', 'Ayer', 'Gabilan:\nFoto', 'Gabilan:', 'Gabilan', 'Foto', 'Analia Juncal', 'Analia Juncal', 'Ayer', 'Pásalo lindo!! Disfruta de esos lugares tan bellos...', 'Pásalo lindo!! Disfruta de esos lugares tan bellos...', 'las 4 d', 'Ayer', '+54 9 247 759-3387:\nPor dioss !!!…', '+54 9 247 759-3387:', '+54 9 247 759-3387', 'Por dioss !!!…', 'RSC', 'Ayer', '+54 9 341 661-4896:', '+54 9 341 661-4896:', '+54 9 341 661-4896', 'Rusia 2018', 'Ok', 'Ok', 'Ezequiel Contador', 'Ezequiel Contador', '0:28', '0:28', 'Romina Proveedora', 'Romina Proveedora', 'AVISO: LG K4 Y MOTO G5 PLUS, NO HAY MÁS', 'AVISO: LG K4 Y MOTO G5 PLUS, NO HAY MÁS', 'Ale Decastro', 'Ale Decastro', 'Madera Largo', 'Madera Largo', 'Larita', 'Larita', 'dale', 'dale', 'Confesionario', '+54 9 247 341-8209:', '+54 9 247 341-8209:', '+54 9 247 341-8209', 'Asados', 'Faustino:\nQue loco lindo', 'Faustino:', 'Faustino', 'Que loco lindo', 'Rocio Tesio', 'Rocio Tesio', 'Ok', 'Ok', 'El infractor...', 'Machete:\nEspera que no ha terminado', 'Machete:', 'Machete', 'Espera que no ha terminado', 'Fabiana Comuna', 'Fabiana Comuna', 'La banda de CUCHI !!!', 'Meli:\nquien viene esta noche, numerensé', 'Meli:', 'Meli', 'quien viene esta noche, numerensé', '1', 'PROYECTOS SART', 'Ale , Andres, Tú', 'Los mensajes enviados a este grupo están seguros con cifrado de extremo a extremo. Haz clic para ver más información.', '*inicio chatbot', 'Mmmmmm', '*', "Respondiendo (['*inicio chatbot', 'Mmmmmm'])*20180615193", 'Qqqqqqqqqqqqqqq'])
['*inicio chatbot', 'Qqqqqq']

 Respondiendo (['*inicio chatbot', 'Qqqqqq'])
['PROYECTOS SART', 'Mmmmm', 'Mmmmm', 'Puro HUMO !!!', 'Ayer', 'Gabilan:\nFoto', 'Gabilan:', 'Gabilan', 'Foto', 'Analia Juncal', 'Analia Juncal', 'Ayer', 'Pásalo lindo!! Disfruta de esos lugares tan bellos...', 'Pásalo lindo!! Disfruta de esos lugares tan bellos...', 'las 4 d', 'Ayer', '+54 9 247 759-3387:\nPor dioss !!!…', '+54 9 247 759-3387:', '+54 9 247 759-3387', 'Por dioss !!!…', 'RSC', 'Ayer', '+54 9 341 661-4896:', '+54 9 341 661-4896:', '+54 9 341 661-4896', 'Rusia 2018', 'Ok', 'Ok', 'Ezequiel Contador', 'Ezequiel Contador', '0:28', '0:28', 'Romina Proveedora', 'Romina Proveedora', 'AVISO: LG K4 Y MOTO G5 PLUS, NO HAY MÁS', 'AVISO: LG K4 Y MOTO G5 PLUS, NO HAY MÁS', 'Ale Decastro', 'Ale Decastro', 'Madera Largo', 'Madera Largo', 'Larita', 'Larita', 'dale', 'dale', 'Confesionario', '+54 9 247 341-8209:', '+54 9 247 341-8209:', '+54 9 247 341-8209', 'Asados', 'Faustino:\nQue loco lindo', 'Faustino:', 'Faustino', 'Que loco lindo', 'Rocio Tesio', 'Rocio Tesio', 'Ok', 'Ok', 'El infractor...', 'Machete:\nEspera que no ha terminado', 'Machete:', 'Machete', 'Espera que no ha terminado', 'Fabiana Comuna', 'Fabiana Comuna', 'La banda de CUCHI !!!', 'Meli:\nquien viene esta noche, numerensé', 'Meli:', 'Meli', 'quien viene esta noche, numerensé', '1', 'PROYECTOS SART', 'Ale , Andres, Tú', 'Los mensajes enviados a este grupo están seguros con cifrado de extremo a extremo. Haz clic para ver más información.', '*inicio chatbot', 'Qqqqqq', '*', "Respondiendo (['*inicio chatbot', 'Qqqqqq'])*20180615194", 'Mmmmm']

 Respondiendo (['PROYECTOS SART', 'Mmmmm', 'Mmmmm', 'Puro HUMO !!!', 'Ayer', 'Gabilan:\nFoto', 'Gabilan:', 'Gabilan', 'Foto', 'Analia Juncal', 'Analia Juncal', 'Ayer', 'Pásalo lindo!! Disfruta de esos lugares tan bellos...', 'Pásalo lindo!! Disfruta de esos lugares tan bellos...', 'las 4 d', 'Ayer', '+54 9 247 759-3387:\nPor dioss !!!…', '+54 9 247 759-3387:', '+54 9 247 759-3387', 'Por dioss !!!…', 'RSC', 'Ayer', '+54 9 341 661-4896:', '+54 9 341 661-4896:', '+54 9 341 661-4896', 'Rusia 2018', 'Ok', 'Ok', 'Ezequiel Contador', 'Ezequiel Contador', '0:28', '0:28', 'Romina Proveedora', 'Romina Proveedora', 'AVISO: LG K4 Y MOTO G5 PLUS, NO HAY MÁS', 'AVISO: LG K4 Y MOTO G5 PLUS, NO HAY MÁS', 'Ale Decastro', 'Ale Decastro', 'Madera Largo', 'Madera Largo', 'Larita', 'Larita', 'dale', 'dale', 'Confesionario', '+54 9 247 341-8209:', '+54 9 247 341-8209:', '+54 9 247 341-8209', 'Asados', 'Faustino:\nQue loco lindo', 'Faustino:', 'Faustino', 'Que loco lindo', 'Rocio Tesio', 'Rocio Tesio', 'Ok', 'Ok', 'El infractor...', 'Machete:\nEspera que no ha terminado', 'Machete:', 'Machete', 'Espera que no ha terminado', 'Fabiana Comuna', 'Fabiana Comuna', 'La banda de CUCHI !!!', 'Meli:\nquien viene esta noche, numerensé', 'Meli:', 'Meli', 'quien viene esta noche, numerensé', '1', 'PROYECTOS SART', 'Ale , Andres, Tú', 'Los mensajes enviados a este grupo están seguros con cifrado de extremo a extremo. Haz clic para ver más información.', '*inicio chatbot', 'Qqqqqq', '*', "Respondiendo (['*inicio chatbot', 'Qqqqqq'])*20180615194", 'Mmmmm'])
['*inicio chatbot', 'Mmmmmmmm']

 Respondiendo (['*inicio chatbot', 'Mmmmmmmm'])
['La banda de CUCHI !!!', 'Meli:\npensé en las pizzas del Tony que nos habían gustado la otra vez', 'Meli:', 'Meli', 'pensé en las pizzas del Tony que nos habían gustado la otra vez', '5', 'Puro HUMO !!!', 'Ayer', 'Gabilan:\nFoto', 'Gabilan:', 'Gabilan', 'Foto', 'Analia Juncal', 'Analia Juncal', 'Ayer', 'Pásalo lindo!! Disfruta de esos lugares tan bellos...', 'Pásalo lindo!! Disfruta de esos lugares tan bellos...', 'las 4 d', 'Ayer', '+54 9 247 759-3387:\nPor dioss !!!…', '+54 9 247 759-3387:', '+54 9 247 759-3387', 'Por dioss !!!…', 'RSC', 'Ayer', '+54 9 341 661-4896:', '+54 9 341 661-4896:', '+54 9 341 661-4896', 'Rusia 2018', 'Ok', 'Ok', 'Ezequiel Contador', 'Ezequiel Contador', '0:28', '0:28', 'Romina Proveedora', 'Romina Proveedora', 'AVISO: LG K4 Y MOTO G5 PLUS, NO HAY MÁS', 'AVISO: LG K4 Y MOTO G5 PLUS, NO HAY MÁS', 'Ale Decastro', 'Ale Decastro', 'Madera Largo', 'Madera Largo', 'Larita', 'Larita', 'dale', 'dale', 'Confesionario', '+54 9 247 341-8209:', '+54 9 247 341-8209:', '+54 9 247 341-8209', 'Asados', 'Faustino:\nQue loco lindo', 'Faustino:', 'Faustino', 'Que loco lindo', 'Rocio Tesio', 'Rocio Tesio', 'Ok', 'Ok', 'El infractor...', 'Machete:\nEspera que no ha terminado', 'Machete:', 'Machete', 'Espera que no ha terminado', 'Fabiana Comuna', 'Fabiana Comuna', 'PROYECTOS SART', 'Qqqqqqqqqqq', 'Qqqqqqqqqqq', 'PROYECTOS SART', 'Ale , Andres, Tú', 'Los mensajes enviados a este grupo están seguros con cifrado de extremo a extremo. Haz clic para ver más información.', '*inicio chatbot', 'Mmmmmmmm', '*', "Respondiendo (['*inicio chatbot', 'Mmmmmmmm'])*20180615195", 'Qqqqqqqqqqq']

 Respondiendo (['La banda de CUCHI !!!', 'Meli:\npensé en las pizzas del Tony que nos habían gustado la otra vez', 'Meli:', 'Meli', 'pensé en las pizzas del Tony que nos habían gustado la otra vez', '5', 'Puro HUMO !!!', 'Ayer', 'Gabilan:\nFoto', 'Gabilan:', 'Gabilan', 'Foto', 'Analia Juncal', 'Analia Juncal', 'Ayer', 'Pásalo lindo!! Disfruta de esos lugares tan bellos...', 'Pásalo lindo!! Disfruta de esos lugares tan bellos...', 'las 4 d', 'Ayer', '+54 9 247 759-3387:\nPor dioss !!!…', '+54 9 247 759-3387:', '+54 9 247 759-3387', 'Por dioss !!!…', 'RSC', 'Ayer', '+54 9 341 661-4896:', '+54 9 341 661-4896:', '+54 9 341 661-4896', 'Rusia 2018', 'Ok', 'Ok', 'Ezequiel Contador', 'Ezequiel Contador', '0:28', '0:28', 'Romina Proveedora', 'Romina Proveedora', 'AVISO: LG K4 Y MOTO G5 PLUS, NO HAY MÁS', 'AVISO: LG K4 Y MOTO G5 PLUS, NO HAY MÁS', 'Ale Decastro', 'Ale Decastro', 'Madera Largo', 'Madera Largo', 'Larita', 'Larita', 'dale', 'dale', 'Confesionario', '+54 9 247 341-8209:', '+54 9 247 341-8209:', '+54 9 247 341-8209', 'Asados', 'Faustino:\nQue loco lindo', 'Faustino:', 'Faustino', 'Que loco lindo', 'Rocio Tesio', 'Rocio Tesio', 'Ok', 'Ok', 'El infractor...', 'Machete:\nEspera que no ha terminado', 'Machete:', 'Machete', 'Espera que no ha terminado', 'Fabiana Comuna', 'Fabiana Comuna', 'PROYECTOS SART', 'Qqqqqqqqqqq', 'Qqqqqqqqqqq', 'PROYECTOS SART', 'Ale , Andres, Tú', 'Los mensajes enviados a este grupo están seguros con cifrado de extremo a extremo. Haz clic para ver más información.', '*inicio chatbot', 'Mmmmmmmm', '*', "Respondiendo (['*inicio chatbot', 'Mmmmmmmm'])*20180615195", 'Qqqqqqqqqqq'])
['*inicio chatbot', '*inicio chatbot', 'El infractor...', 'Machete:\nBomba!!!', 'Machete:', 'Machete', 'Bomba!!!', '16', 'Ale Decastro', 'en línea', 'Las llamadas y mensajes enviados a este chat están seguros con cifrado de extremo a extremo.', '*inicio chatbot']

 Respondiendo (['*inicio chatbot', '*inicio chatbot', 'El infractor...', 'Machete:\nBomba!!!', 'Machete:', 'Machete', 'Bomba!!!', '16', 'Ale Decastro', 'en línea', 'Las llamadas y mensajes enviados a este chat están seguros con cifrado de extremo a extremo.', '*inicio chatbot'])
['Gabilan', 'Foto', 'Analia Juncal', 'Analia Juncal', 'Ayer', 'Pásalo lindo!! Disfruta de esos lugares tan bellos...', 'Pásalo lindo!! Disfruta de esos lugares tan bellos...', 'las 4 d', 'Ayer', '+54 9 247 759-3387:\nPor dioss !!!…', '+54 9 247 759-3387:', '+54 9 247 759-3387', 'Por dioss !!!…', 'Rusia 2018', 'Ok', 'Ok', 'Ezequiel Contador', 'Ezequiel Contador', '0:28', '0:28', 'Romina Proveedora', 'Romina Proveedora', 'AVISO: LG K4 Y MOTO G5 PLUS, NO HAY MÁS', 'AVISO: LG K4 Y MOTO G5 PLUS, NO HAY MÁS', 'Madera Largo', 'Madera Largo', 'Asados', 'Machete:\n0:41', 'Machete:', 'Machete', '0:41', '1', 'Rocio Tesio', 'Rocio Tesio', 'Ok', 'Ok', 'Fabiana Comuna', 'Fabiana Comuna', 'La banda de CUCHI !!!', 'Rrr:\nYo paso gente.', 'Rrr:', 'Rrr', 'Yo paso gente.', '1', 'PROYECTOS SART', 'Ale :\nFoto', 'Ale :', 'Ale', 'Foto', 'Larita', 'Larita', 'Ah bueno bueno. Si viene Florcita le digo que me lleve', 'Ah bueno bueno. Si viene Florcita le digo que me lleve', 'RSC', 'Dami:\nFoto', 'Dami:', 'Dami', 'Foto', 'Ale Decastro', 'Ale Decastro', 'Respondiendo ([\'inicio chatbot\', \'\', "Respondiendo ([\'\', \'Respondiendo ([\\\'inicio chatbot\\\', \\\'\\\', "Respondiendo ([\\\'*inicio chatbot\\\', \\\'*inicio chatbot\\\', \\\'El infractor...\\\', \\\'Machete:\\\\\\\\nBomba!!!\\\', \\\'Machete:\\\', \\\'Machete\\\', \\\'Bomba!!!\\\', \\\'16\\\', \\\'Ale Decastro\\\', \\\'en línea\\\', \\\'Las llamadas y mensajes enviados a este chat están seguros con cifrado de extremo a extremo.\\\', \\\'*inicio chatbot\\\'])*20180615224"])*20180615224\'])*20180615224', 'Respondiendo ([\'inicio chatbot\', \'\', "Respondiendo ([\'\', \'Respondiendo ([\\\'inicio chatbot\\\', \\\'\\\', "Respondiendo ([\\\'*inicio chatbot\\\', \\\'*inicio chatbot\\\', \\\'El infractor...\\\', \\\'Machete:\\\\\\\\nBomba!!!\\\', \\\'Machete:\\\', \\\'Machete\\\', \\\'Bomba!!!\\\', \\\'16\\\', \\\'Ale Decastro\\\', \\\'en línea\\\', \\\'Las llamadas y mensajes enviados a este chat están seguros con cifrado de extremo a extremo.\\\', \\\'*inicio chatbot\\\'])*20180615224"])*20180615224\'])*20180615224', 'El infractor...', 'Machete:\nBomba!!!', 'Machete:', 'Machete', 'Bomba!!!', '16', 'PROYECTOS SART', 'Ale , Andres, Tú', 'Los mensajes enviados a este grupo están seguros con cifrado de extremo a extremo. Haz clic para ver más información.', '*inicio chatbot', '*inicio chatbot', 'Ale Decastro', 'Hola', 'Andres Kraft', 'Y la puta madre', 'Ale Decastro']

 Respondiendo (['Gabilan', 'Foto', 'Analia Juncal', 'Analia Juncal', 'Ayer', 'Pásalo lindo!! Disfruta de esos lugares tan bellos...', 'Pásalo lindo!! Disfruta de esos lugares tan bellos...', 'las 4 d', 'Ayer', '+54 9 247 759-3387:\nPor dioss !!!…', '+54 9 247 759-3387:', '+54 9 247 759-3387', 'Por dioss !!!…', 'Rusia 2018', 'Ok', 'Ok', 'Ezequiel Contador', 'Ezequiel Contador', '0:28', '0:28', 'Romina Proveedora', 'Romina Proveedora', 'AVISO: LG K4 Y MOTO G5 PLUS, NO HAY MÁS', 'AVISO: LG K4 Y MOTO G5 PLUS, NO HAY MÁS', 'Madera Largo', 'Madera Largo', 'Asados', 'Machete:\n0:41', 'Machete:', 'Machete', '0:41', '1', 'Rocio Tesio', 'Rocio Tesio', 'Ok', 'Ok', 'Fabiana Comuna', 'Fabiana Comuna', 'La banda de CUCHI !!!', 'Rrr:\nYo paso gente.', 'Rrr:', 'Rrr', 'Yo paso gente.', '1', 'PROYECTOS SART', 'Ale :\nFoto', 'Ale :', 'Ale', 'Foto', 'Larita', 'Larita', 'Ah bueno bueno. Si viene Florcita le digo que me lleve', 'Ah bueno bueno. Si viene Florcita le digo que me lleve', 'RSC', 'Dami:\nFoto', 'Dami:', 'Dami', 'Foto', 'Ale Decastro', 'Ale Decastro', 'Respondiendo ([\'inicio chatbot\', \'\', "Respondiendo ([\'\', \'Respondiendo ([\\\'inicio chatbot\\\', \\\'\\\', "Respondiendo ([\\\'*inicio chatbot\\\', \\\'*inicio chatbot\\\', \\\'El infractor...\\\', \\\'Machete:\\\\\\\\nBomba!!!\\\', \\\'Machete:\\\', \\\'Machete\\\', \\\'Bomba!!!\\\', \\\'16\\\', \\\'Ale Decastro\\\', \\\'en línea\\\', \\\'Las llamadas y mensajes enviados a este chat están seguros con cifrado de extremo a extremo.\\\', \\\'*inicio chatbot\\\'])*20180615224"])*20180615224\'])*20180615224', 'Respondiendo ([\'inicio chatbot\', \'\', "Respondiendo ([\'\', \'Respondiendo ([\\\'inicio chatbot\\\', \\\'\\\', "Respondiendo ([\\\'*inicio chatbot\\\', \\\'*inicio chatbot\\\', \\\'El infractor...\\\', \\\'Machete:\\\\\\\\nBomba!!!\\\', \\\'Machete:\\\', \\\'Machete\\\', \\\'Bomba!!!\\\', \\\'16\\\', \\\'Ale Decastro\\\', \\\'en línea\\\', \\\'Las llamadas y mensajes enviados a este chat están seguros con cifrado de extremo a extremo.\\\', \\\'*inicio chatbot\\\'])*20180615224"])*20180615224\'])*20180615224', 'El infractor...', 'Machete:\nBomba!!!', 'Machete:', 'Machete', 'Bomba!!!', '16', 'PROYECTOS SART', 'Ale , Andres, Tú', 'Los mensajes enviados a este grupo están seguros con cifrado de extremo a extremo. Haz clic para ver más información.', '*inicio chatbot', '*inicio chatbot', 'Ale Decastro', 'Hola', 'Andres Kraft', 'Y la puta madre', 'Ale Decastro'])
['*inicio chatbot']

 Respondiendo (['*inicio chatbot'])
['*inicio chatbot']

 Respondiendo (['*inicio chatbot'])
['*inicio chatbot']

 Respondiendo (['*inicio chatbot'])
['*inicio chatbot']

 Respondiendo (['*inicio chatbot'])
['Activar notificaciones de escritorio']

 Respondiendo (['Activar notificaciones de escritorio'])
['Activar notificaciones de escritorio']

 Respondiendo (['Activar notificaciones de escritorio'])
['None']

 Respondiendo (['None'])
['None']

 Respondiendo (['None'])
['None']

 Respondiendo (['None'])
['None']

 Respondiendo (['None'])
['None']

 Respondiendo (['None'])
['Gggggggg']

 Respondiendo (['Gggggggg'])
['Activar notificaciones de escritorio']

 Respondiendo (['Activar notificaciones de escritorio'])
['Activar notificaciones de escritorio']

 Respondiendo (['Activar notificaciones de escritorio'])
['Aaaaaaaaaa']

 Respondiendo (['Aaaaaaaaaa'])
['Asados']

 Respondiendo (['Asados'])
['Asados']

 Respondiendo (['Asados'])
['Asados']

 Respondiendo (['Asados'])
['Romina Proveedora']

 Respondiendo (['Romina Proveedora'])
['PROYECTOS SART']

 Respondiendo (['PROYECTOS SART'])
['las 4 d']

 Respondiendo (['las 4 d'])
['las 4 d']

 Respondiendo (['las 4 d'])
['las 4 d']

 Respondiendo (['las 4 d'])
['RSC']

 Respondiendo (['RSC'])
['Tedini']

 Respondiendo (['Tedini'])
['Tedini']

 Respondiendo (['Tedini'])
['aaaaaaaaaaaaaaaaaaaa']

 Respondiendo (['aaaaaaaaaaaaaaaaaaaa'])
['Confesionario']

 Respondiendo (['Confesionario'])